<?xml version="1.0" encoding="utf-8"?><testsuites name="pytest tests"><testsuite name="pytest" errors="0" failures="0" skipped="0" tests="10" time="3.537" timestamp="2026-03-10T00:35:29.223857+00:00" hostname="agent-env-28513ab2-55e4-4330-9981-61cca6bfbfc5"><testcase classname="backend.tests.test_habit_progress.TestHabitProgressSystem" name="test_create_habit_with_progress_field" time="0.680" /><testcase classname="backend.tests.test_habit_progress.TestHabitProgressSystem" name="test_track_habit_returns_progress_gain" time="0.256" /><testcase classname="backend.tests.test_habit_progress.TestHabitProgressSystem" name="test_track_habit_increments_progress_by_1_percent" time="0.298" /><testcase classname="backend.tests.test_habit_progress.TestHabitProgressSystem" name="test_track_habit_already_tracked_today" time="0.388" /><testcase classname="backend.tests.test_habit_progress.TestHabitProgressSystem" name="test_check_missed_days_endpoint" time="0.136" /><testcase classname="backend.tests.test_habit_progress.TestHabitProgressSystem" name="test_get_habits_includes_progress" time="0.139" /><testcase classname="backend.tests.test_habit_progress.TestHabitProgressSystem" name="test_bad_habit_tracking" time="0.367" /><testcase classname="backend.tests.test_habit_progress.TestHabitProgressSystem" name="test_delete_habit" time="0.476" /><testcase classname="backend.tests.test_habit_progress.TestHabitProgressSystem" name="test_track_nonexistent_habit" time="0.155" /><testcase classname="backend.tests.test_habit_progress.TestStreakBonus" name="test_streak_bonus_field_in_response" time="0.574" /></testsuite></testsuites>