<?xml version="1.0" encoding="utf-8"?><testsuites name="pytest tests"><testsuite name="pytest" errors="0" failures="0" skipped="0" tests="12" time="4.700" timestamp="2026-03-10T01:11:02.041798+00:00" hostname="agent-env-28513ab2-55e4-4330-9981-61cca6bfbfc5"><testcase classname="backend.tests.test_notifications_messages.TestNotificationsAndMessages" name="test_get_notifications_empty" time="0.991" /><testcase classname="backend.tests.test_notifications_messages.TestNotificationsAndMessages" name="test_get_notifications_unread_count" time="0.125" /><testcase classname="backend.tests.test_notifications_messages.TestNotificationsAndMessages" name="test_mark_all_notifications_read" time="0.294" /><testcase classname="backend.tests.test_notifications_messages.TestNotificationsAndMessages" name="test_notifications_unauthorized" time="0.103" /><testcase classname="backend.tests.test_notifications_messages.TestNotificationsAndMessages" name="test_get_conversations_empty" time="0.114" /><testcase classname="backend.tests.test_notifications_messages.TestNotificationsAndMessages" name="test_send_message" time="0.445" /><testcase classname="backend.tests.test_notifications_messages.TestNotificationsAndMessages" name="test_get_messages_with_friend" time="0.313" /><testcase classname="backend.tests.test_notifications_messages.TestNotificationsAndMessages" name="test_get_unread_messages_count" time="0.124" /><testcase classname="backend.tests.test_notifications_messages.TestNotificationsAndMessages" name="test_conversations_after_messages" time="0.226" /><testcase classname="backend.tests.test_notifications_messages.TestNotificationsAndMessages" name="test_send_empty_message_fails" time="0.158" /><testcase classname="backend.tests.test_notifications_messages.TestNotificationsAndMessages" name="test_messages_unauthorized" time="0.123" /><testcase classname="backend.tests.test_notifications_messages.TestNotificationCreation" name="test_notification_created_on_quest_accept" time="1.605" /></testsuite></testsuites>