<?xml version="1.0" encoding="utf-8"?><testsuites name="pytest tests"><testsuite name="pytest" errors="0" failures="0" skipped="0" tests="14" time="3.722" timestamp="2026-03-09T23:56:06.086967+00:00" hostname="agent-env-28513ab2-55e4-4330-9981-61cca6bfbfc5"><testcase classname="backend.tests.test_phase4_features.TestPhase4Features" name="test_send_message_success" time="1.297" /><testcase classname="backend.tests.test_phase4_features.TestPhase4Features" name="test_send_empty_message_fails" time="0.107" /><testcase classname="backend.tests.test_phase4_features.TestPhase4Features" name="test_get_messages_success" time="0.281" /><testcase classname="backend.tests.test_phase4_features.TestPhase4Features" name="test_get_unread_count" time="0.126" /><testcase classname="backend.tests.test_phase4_features.TestPhase4Features" name="test_get_friend_profile_success" time="0.134" /><testcase classname="backend.tests.test_phase4_features.TestPhase4Features" name="test_get_friend_profile_not_friends" time="0.108" /><testcase classname="backend.tests.test_phase4_features.TestPhase4Features" name="test_create_mission_with_images" time="0.133" /><testcase classname="backend.tests.test_phase4_features.TestPhase4Features" name="test_update_mission_images" time="0.227" /><testcase classname="backend.tests.test_phase4_features.TestPhase4Features" name="test_mission_max_4_images" time="0.111" /><testcase classname="backend.tests.test_phase4_features.TestPhase4Features" name="test_create_reward_with_image" time="0.137" /><testcase classname="backend.tests.test_phase4_features.TestPhase4Features" name="test_get_rewards_with_images" time="0.104" /><testcase classname="backend.tests.test_phase4_features.TestPhase4Features" name="test_get_friends_list" time="0.128" /><testcase classname="backend.tests.test_phase4_features.TestPhase4Features" name="test_user_me_endpoint" time="0.110" /><testcase classname="backend.tests.test_phase4_features.TestMissionPageText" name="test_mission_api_returns_correct_structure" time="0.587" /></testsuite></testsuites>