<?xml version="1.0" encoding="utf-8"?><testsuites name="pytest tests"><testsuite name="pytest" errors="0" failures="0" skipped="0" tests="23" time="3.306" timestamp="2026-02-05T02:09:20.942813+00:00" hostname="agent-env-28513ab2-55e4-4330-9981-61cca6bfbfc5"><testcase classname="backend.tests.test_phase3_features.TestAuthAndSetup" name="test_user_registration_or_login" time="0.329" /><testcase classname="backend.tests.test_phase3_features.TestMissionsAPI" name="test_get_missions_empty" time="0.314" /><testcase classname="backend.tests.test_phase3_features.TestMissionsAPI" name="test_create_mission" time="0.043" /><testcase classname="backend.tests.test_phase3_features.TestMissionsAPI" name="test_create_mission_with_4_images" time="0.054" /><testcase classname="backend.tests.test_phase3_features.TestMissionsAPI" name="test_update_mission" time="0.081" /><testcase classname="backend.tests.test_phase3_features.TestMissionsAPI" name="test_delete_mission" time="0.125" /><testcase classname="backend.tests.test_phase3_features.TestTaskUncomplete" name="test_create_and_complete_task" time="0.393" /><testcase classname="backend.tests.test_phase3_features.TestTaskUncomplete" name="test_uncomplete_task" time="0.117" /><testcase classname="backend.tests.test_phase3_features.TestTaskUncomplete" name="test_uncomplete_not_completed_task_fails" time="0.118" /><testcase classname="backend.tests.test_phase3_features.TestTaskArchive" name="test_get_archive_empty" time="0.304" /><testcase classname="backend.tests.test_phase3_features.TestTaskArchive" name="test_completed_task_appears_in_archive" time="0.124" /><testcase classname="backend.tests.test_phase3_features.TestHabitsWithType" name="test_create_good_habit" time="0.311" /><testcase classname="backend.tests.test_phase3_features.TestHabitsWithType" name="test_create_bad_habit" time="0.039" /><testcase classname="backend.tests.test_phase3_features.TestHabitsWithType" name="test_track_bad_habit_reduces_hp" time="0.109" /><testcase classname="backend.tests.test_phase3_features.TestHabitsWithType" name="test_track_good_habit_gives_rewards" time="0.077" /><testcase classname="backend.tests.test_phase3_features.TestColorOptions" name="test_create_mission_with_different_colors[purple]" time="0.303" /><testcase classname="backend.tests.test_phase3_features.TestColorOptions" name="test_create_mission_with_different_colors[blue]" time="0.039" /><testcase classname="backend.tests.test_phase3_features.TestColorOptions" name="test_create_mission_with_different_colors[emerald]" time="0.036" /><testcase classname="backend.tests.test_phase3_features.TestColorOptions" name="test_create_mission_with_different_colors[amber]" time="0.040" /><testcase classname="backend.tests.test_phase3_features.TestColorOptions" name="test_create_mission_with_different_colors[rose]" time="0.037" /><testcase classname="backend.tests.test_phase3_features.TestColorOptions" name="test_create_mission_with_different_colors[slate]" time="0.036" /><testcase classname="backend.tests.test_phase3_features.TestColorOptions" name="test_create_mission_with_different_colors[cyan]" time="0.039" /><testcase classname="backend.tests.test_phase3_features.TestColorOptions" name="test_create_mission_with_different_colors[orange]" time="0.045" /></testsuite></testsuites>