<?xml version="1.0" encoding="utf-8"?><testsuites name="pytest tests"><testsuite name="pytest" errors="0" failures="0" skipped="0" tests="14" time="9.706" timestamp="2026-03-10T00:17:34.637422+00:00" hostname="agent-env-28513ab2-55e4-4330-9981-61cca6bfbfc5"><testcase classname="backend.tests.test_phase5_features.TestPhase5Features" name="test_create_custom_stat" time="0.686" /><testcase classname="backend.tests.test_phase5_features.TestPhase5Features" name="test_get_custom_stats" time="0.655" /><testcase classname="backend.tests.test_phase5_features.TestPhase5Features" name="test_update_custom_stat" time="0.628" /><testcase classname="backend.tests.test_phase5_features.TestPhase5Features" name="test_delete_custom_stat_returns_points" time="0.704" /><testcase classname="backend.tests.test_phase5_features.TestPhase5Features" name="test_delete_nonexistent_custom_stat" time="0.464" /><testcase classname="backend.tests.test_phase5_features.TestPhase5Features" name="test_create_task_with_steps_and_linkedstats" time="0.480" /><testcase classname="backend.tests.test_phase5_features.TestPhase5Features" name="test_add_step_to_task" time="0.585" /><testcase classname="backend.tests.test_phase5_features.TestPhase5Features" name="test_toggle_step_completion" time="0.727" /><testcase classname="backend.tests.test_phase5_features.TestPhase5Features" name="test_delete_step_from_task" time="0.714" /><testcase classname="backend.tests.test_phase5_features.TestPhase5Features" name="test_task_completion_with_linkedstats_bonus" time="0.906" /><testcase classname="backend.tests.test_phase5_features.TestPhase5Features" name="test_allocate_custom_stats" time="1.382" /><testcase classname="backend.tests.test_phase5_features.TestPhase5Features" name="test_add_step_to_nonexistent_task" time="0.489" /><testcase classname="backend.tests.test_phase5_features.TestPhase5Features" name="test_toggle_nonexistent_step" time="0.607" /><testcase classname="backend.tests.test_phase5_features.TestTaskListAddButton" name="test_tasks_endpoint_works" time="0.564" /></testsuite></testsuites>