<?xml version="1.0" encoding="utf-8"?><testsuites name="pytest tests"><testsuite name="pytest" errors="0" failures="0" skipped="0" tests="12" time="3.750" timestamp="2026-03-10T00:54:10.155644+00:00" hostname="agent-env-28513ab2-55e4-4330-9981-61cca6bfbfc5"><testcase classname="backend.tests.test_quest_invitations.TestQuestInvitations" name="test_invite_friend_to_quest" time="1.501" /><testcase classname="backend.tests.test_quest_invitations.TestQuestInvitations" name="test_invite_already_invited_returns_400" time="0.149" /><testcase classname="backend.tests.test_quest_invitations.TestQuestInvitations" name="test_get_invitations_for_user" time="0.118" /><testcase classname="backend.tests.test_quest_invitations.TestQuestInvitations" name="test_accept_invitation" time="0.241" /><testcase classname="backend.tests.test_quest_invitations.TestQuestInvitations" name="test_accepted_quest_appears_in_user_quests" time="0.108" /><testcase classname="backend.tests.test_quest_invitations.TestQuestInvitations" name="test_decline_invitation" time="0.514" /><testcase classname="backend.tests.test_quest_invitations.TestQuestInvitations" name="test_declined_invitation_not_in_pending" time="0.142" /><testcase classname="backend.tests.test_quest_invitations.TestQuestInvitations" name="test_invite_nonexistent_quest_returns_404" time="0.109" /><testcase classname="backend.tests.test_quest_invitations.TestQuestInvitations" name="test_invite_nonexistent_friend_returns_404" time="0.119" /><testcase classname="backend.tests.test_quest_invitations.TestQuestInvitations" name="test_accept_nonexistent_invitation_returns_404" time="0.109" /><testcase classname="backend.tests.test_quest_invitations.TestQuestInvitations" name="test_decline_nonexistent_invitation_returns_404" time="0.122" /><testcase classname="backend.tests.test_quest_invitations.TestQuestModelFields" name="test_new_quest_has_default_shared_fields" time="0.449" /></testsuite></testsuites>